<?xml version="1.0" encoding="UTF-8"?>
<!-- Generated by org.testng.reporters.JUnitReportReporter -->
<testsuite skipped="0" hostname="INR1703297" name="Project_script.Test2" tests="1" failures="0" timestamp="09 Jun 2021 14:18:10 GMT" time="0.018" errors="0">
  <testcase name="test23" time="0.018" classname="Project_script.Test2"/>
</testsuite> <!-- Project_script.Test2 -->
