<?xml version="1.0" encoding="UTF-8"?>
<!-- Generated by org.testng.reporters.JUnitReportReporter -->
<testsuite skipped="0" hostname="INR1703297" name="Project_script.Ndtv" tests="1" failures="0" timestamp="09 Jun 2021 15:31:09 GMT" time="358.208" errors="0">
  <testcase name="ValidateTempDiff" time="358.208" classname="Project_script.Ndtv"/>
</testsuite> <!-- Project_script.Ndtv -->
